
=== Fri Mar  5 20:02:07 2021

Packages were changed.
Update Mode: updateDependencies

The following packages were updated:
  com.unity.ide.visualstudio from version 2.0.5 to 2.0.7

=== Tue Mar 23 13:10:37 2021

Packages were changed.
Update Mode: updateDependencies

The following packages were updated:
  com.unity.cinemachine from version 2.6.3 to 2.7.2
  com.unity.ide.rider from version 2.0.7 to 3.0.5
  com.unity.textmeshpro from version 3.0.3 to 3.0.4
  com.unity.timeline from version 1.4.6 to 1.5.2

=== Thu Apr 29 11:56:20 2021

Packages were changed.
Update Mode: updateDependencies

The following packages were updated:
  com.unity.2d.animation from version 5.0.4 to 6.0.1
  com.unity.2d.pixel-perfect from version 4.0.1 to 5.0.0
  com.unity.2d.psdimporter from version 4.0.2 to 5.0.1
  com.unity.2d.spriteshape from version 5.1.1 to 6.0.0
  com.unity.ads from version 3.6.1 to 3.7.1
  com.unity.cinemachine from version 2.7.2 to 2.7.3
  com.unity.test-framework from version 1.1.22 to 1.1.24
  com.unity.timeline from version 1.5.2 to 1.5.4

=== Fri May 14 10:50:15 2021

Packages were changed.
Update Mode: updateDependencies

The following packages were updated:
  com.unity.ide.rider from version 3.0.5 to 3.0.6
